============================================================
  Generated by:           Genus(TM) Synthesis Solution 22.17-s071_1
  Generated on:           Jul 08 2026  03:59:53 am
  Module:                 data_bus_driver
  Operating conditions:   PVT_0P9V_125C (balanced_tree)
  Wireload mode:          enclosed
  Area mode:              timing library
============================================================

Timing
-------
  Cost    Critical         Violating 
 Group   Path Slack  TNS     Paths   
-------------------------------------
default    No paths   0.0            
-------------------------------------
Total                 0.0          0 

Instance Count
--------------
Leaf Instance Count             17 
Physical Instance count          0 
Sequential Instance Count        0 
Combinational Instance Count    17 
Hierarchical Instance Count      0 

Area
----
Cell Area                          47.880
Physical Cell Area                 0.000
Total Cell Area (Cell+Physical)    47.880
Net Area                           0.000
Total Area (Cell+Physical+Net)     47.880

Max Fanout                         9 (i_en_a)
Min Fanout                         1 (n_0)
Average Fanout                     1.4
Terms to net ratio                 1.6857
Terms to instance ratio            3.4706
Runtime                            18.878423 seconds
Elapsed Runtime                    20 seconds
Genus peak memory usage            1773.13 
Innovus peak memory usage          no_value 
Hostname                           localhost
