============================================================
  Generated by:           Genus(TM) Synthesis Solution 22.17-s071_1
  Generated on:           Jul 08 2026  04:51:30 am
  Module:                 bidirectional_bus_driver
  Operating conditions:   PVT_0P9V_125C (balanced_tree)
  Wireload mode:          enclosed
  Area mode:              timing library
============================================================

Timing
-------
  Cost    Critical         Violating 
 Group   Path Slack  TNS     Paths   
-------------------------------------
default    No paths   0.0            
-------------------------------------
Total                 0.0          0 

Instance Count
--------------
Leaf Instance Count             64 
Physical Instance count          0 
Sequential Instance Count        0 
Combinational Instance Count    64 
Hierarchical Instance Count      0 

Area
----
Cell Area                          153.216
Physical Cell Area                 0.000
Total Cell Area (Cell+Physical)    153.216
Net Area                           0.000
Total Area (Cell+Physical+Net)     153.216

Max Fanout                         32 (i_send)
Min Fanout                         1 (o_data_from_bus[18])
Average Fanout                     2.0
Terms to net ratio                 1.9592
Terms to instance ratio            3.0000
Runtime                            18.956003 seconds
Elapsed Runtime                    20 seconds
Genus peak memory usage            1774.96 
Innovus peak memory usage          no_value 
Hostname                           localhost
