============================================================
  Generated by:           Genus(TM) Synthesis Solution 22.17-s071_1
  Generated on:           Jul 08 2026  02:05:26 am
  Module:                 counter
  Operating conditions:   PVT_0P9V_125C (balanced_tree)
  Wireload mode:          enclosed
  Area mode:              timing library
============================================================

Timing
--------

Clock  Period 
--------------
clk   10000.0 


  Cost    Critical         Violating 
 Group   Path Slack  TNS     Paths   
-------------------------------------
clk          8684.3   0.0          0 
default    No paths   0.0            
-------------------------------------
Total                 0.0          0 

Instance Count
--------------
Leaf Instance Count             21 
Physical Instance count          0 
Sequential Instance Count        8 
Combinational Instance Count    13 
Hierarchical Instance Count      0 

Area
----
Cell Area                          72.504
Physical Cell Area                 0.000
Total Cell Area (Cell+Physical)    72.504
Net Area                           0.000
Total Area (Cell+Physical+Net)     72.504

Max Fanout                         8 (clk)
Min Fanout                         0 (rst)
Average Fanout                     2.3
Terms to net ratio                 3.2500
Terms to instance ratio            3.7143
Runtime                            19.899797 seconds
Elapsed Runtime                    21 seconds
Genus peak memory usage            1781.79 
Innovus peak memory usage          no_value 
Hostname                           localhost
