Cadence Genus(TM) Synthesis Solution.
Copyright 2024 Cadence Design Systems, Inc. All rights reserved worldwide.
Cadence and the Cadence logo are registered trademarks and Genus is a trademark
of Cadence Design Systems, Inc. in the United States and other countries.

[02:11:41.163145] Configured Lic search path (22.01-s003): 5280@172.31.52.241

Version: 22.17-s071_1, built Wed Sep 11 20:37:05 PDT 2024
Options: 
Date:    Wed Jul 08 02:11:41 2026
Host:    kopo-seongnam (x86_64 w/Linux 3.10.0-1160.el7.x86_64) (20cores*80cpus*2physical cpus*Intel(R) Xeon(R) Gold 5218R CPU @ 2.10GHz 28160KB) (394624392KB)
PID:     201081
OS:      CentOS Linux release 7.9.2009 (Core)

Checking out license: Genus_Synthesis
[02:11:41.057683] Periodic Lic check successful
[02:11:41.057689] Feature usage summary:
[02:11:41.057689] Genus_Synthesis



***********************************************************************************************************
***********************************************************************************************************



Finished executable startup (1 second elapsed).

Loading tool scripts...
Finished loading tool scripts (13 seconds elapsed).

WARNING: This version of the tool is 663 days old.
@genus:root: 1> 
@genus:root: 1> 
@genus:root: 1> 
@genus:root: 1> set_db init_lib_search_path ../../../3_SYN/1_LIB
  Setting attribute of root '/': 'init_lib_search_path' = ../../../3_SYN/1_LIB
1 ../../../3_SYN/1_LIB
@genus:root: 2> set_db init_hdl_search_path ./
  Setting attribute of root '/': 'init_hdl_search_path' = ./
1 ./
@genus:root: 3> read_libs  slow_vdd1v0_basicCells.lib
Error   : File error. [FILE-100] [::legacy::set_attribute]
        : Cannot open file 'slow_vdd1v0_basicCells.lib'
        : Make sure that the file is a readable regular file and has the specified name.
Error   : A library file does not exist. [LBR-68] [::legacy::set_attribute]
        : File 'slow_vdd1v0_basicCells.lib' could not be found. File '<none>' was the last file that was successfully read in.
        : Make sure that the library file exists or check for a typo in the file name.
Error   : The data value for this attribute is invalid. [TUI-24] [::legacy::set_attribute]
        : The value '  { slow_vdd1v0_basicCells.lib } ' cannot be set for attribute 'library'.
        : To see the usage/description for this attribute, type '::legacy::set_attribute -h <attr_name> *' (in legacy UI mode) or 'help * <attr_name> -detail' (in CUI mode).
1
@genus:root: 4> read_libs slow_vdd1v0_basicCells.lib
Error   : File error. [FILE-100] [::legacy::set_attribute]
        : Cannot open file 'slow_vdd1v0_basicCells.lib'
Error   : A library file does not exist. [LBR-68] [::legacy::set_attribute]
        : File 'slow_vdd1v0_basicCells.lib' could not be found. File '<none>' was the last file that was successfully read in.
Error   : The data value for this attribute is invalid. [TUI-24] [::legacy::set_attribute]
        : The value '  { slow_vdd1v0_basicCells.lib } ' cannot be set for attribute 'library'.
1
@genus:root: 5> set_db init_lib_search_path ../../../3_SYN/1_LIB
  Setting attribute of root '/': 'init_lib_search_path' = ../../../3_SYN/1_LIB
1 ../../../3_SYN/1_LIB
@genus:root: 6> read_libs slow_vdd1v0_basicCells.lib
Error   : File error. [FILE-100] [::legacy::set_attribute]
        : Cannot open file 'slow_vdd1v0_basicCells.lib'
Error   : A library file does not exist. [LBR-68] [::legacy::set_attribute]
        : File 'slow_vdd1v0_basicCells.lib' could not be found. File '<none>' was the last file that was successfully read in.
Error   : The data value for this attribute is invalid. [TUI-24] [::legacy::set_attribute]
        : The value '  { slow_vdd1v0_basicCells.lib } ' cannot be set for attribute 'library'.
1
@genus:root: 7> quit

Lic Summary:
[02:17:49.369858] Cdslmd servers: kopo-seongnam
[02:17:49.369882] Feature usage summary:
[02:17:49.369883] Genus_Synthesis

Normal exit.