============================================================
  Generated by:           Genus(TM) Synthesis Solution 22.17-s071_1
  Generated on:           Jul 08 2026  04:06:26 am
  Module:                 register
  Operating conditions:   PVT_0P9V_125C (balanced_tree)
  Wireload mode:          enclosed
  Area mode:              timing library
============================================================

Timing
--------

Clock  Period 
--------------
clk   10000.0 


  Cost    Critical         Violating 
 Group   Path Slack  TNS     Paths   
-------------------------------------
clk        No paths   0.0            
default    No paths   0.0            
-------------------------------------
Total                 0.0          0 

Instance Count
--------------
Leaf Instance Count             5 
Physical Instance count         0 
Sequential Instance Count       5 
Combinational Instance Count    0 
Hierarchical Instance Count     0 

Area
----
Cell Area                          30.780
Physical Cell Area                 0.000
Total Cell Area (Cell+Physical)    30.780
Net Area                           0.000
Total Area (Cell+Physical+Net)     30.780

Max Fanout                         5 (clk)
Min Fanout                         0 (rst_n)
Average Fanout                     1.2
Terms to net ratio                 1.6667
Terms to instance ratio            4.0000
Runtime                            19.945763 seconds
Elapsed Runtime                    22 seconds
Genus peak memory usage            1773.38 
Innovus peak memory usage          no_value 
Hostname                           localhost
