============================================================
  Generated by:           Genus(TM) Synthesis Solution 22.17-s071_1
  Generated on:           Jul 08 2026  03:48:09 am
  Module:                 bcd_to_7seg
  Operating conditions:   PVT_0P9V_125C (balanced_tree)
  Wireload mode:          enclosed
  Area mode:              timing library
============================================================

Timing
-------
  Cost    Critical         Violating 
 Group   Path Slack  TNS     Paths   
-------------------------------------
default    No paths   0.0            
-------------------------------------
Total                 0.0          0 

Instance Count
--------------
Leaf Instance Count             22 
Physical Instance count          0 
Sequential Instance Count        0 
Combinational Instance Count    22 
Hierarchical Instance Count      0 

Area
----
Cell Area                          30.096
Physical Cell Area                 0.000
Total Cell Area (Cell+Physical)    30.096
Net Area                           0.000
Total Area (Cell+Physical+Net)     30.096

Max Fanout                         5 (i_bcd[1])
Min Fanout                         1 (n_0)
Average Fanout                     2.2
Terms to net ratio                 2.8077
Terms to instance ratio            3.3182
Runtime                            18.895197 seconds
Elapsed Runtime                    20 seconds
Genus peak memory usage            1775.48 
Innovus peak memory usage          no_value 
Hostname                           localhost
