============================================================
  Generated by:           Genus(TM) Synthesis Solution 22.17-s071_1
  Generated on:           Jul 09 2026  04:39:22 am
  Module:                 usr_4bit
  Operating conditions:   PVT_0P9V_125C (balanced_tree)
  Wireload mode:          enclosed
  Area mode:              timing library
============================================================

Timing
--------

Clock  Period 
--------------
clk   10000.0 


  Cost    Critical         Violating 
 Group   Path Slack  TNS     Paths   
-------------------------------------
clk          9399.5   0.0          0 
default    No paths   0.0            
-------------------------------------
Total                 0.0          0 

Instance Count
--------------
Leaf Instance Count             24 
Physical Instance count          0 
Sequential Instance Count        4 
Combinational Instance Count    20 
Hierarchical Instance Count      0 

Area
----
Cell Area                          51.300
Physical Cell Area                 0.000
Total Cell Area (Cell+Physical)    51.300
Net Area                           0.000
Total Area (Cell+Physical+Net)     51.300

Max Fanout                         4 (o_data[1])
Min Fanout                         0 (rst_n)
Average Fanout                     1.9
Terms to net ratio                 2.5882
Terms to instance ratio            3.6667
Runtime                            19.860707 seconds
Elapsed Runtime                    21 seconds
Genus peak memory usage            1775.17 
Innovus peak memory usage          no_value 
Hostname                           localhost
