============================================================
  Generated by:           Genus(TM) Synthesis Solution 22.17-s071_1
  Generated on:           Jul 09 2026  04:39:22 am
  Module:                 usr_4bit
  Operating conditions:   PVT_0P9V_125C (balanced_tree)
  Wireload mode:          enclosed
  Area mode:              timing library
============================================================


Path 1: MET (9400 ps) Setup Check with Pin r_data_reg[1]/CK->D
          Group: clk
     Startpoint: (R) r_data_reg[1]/CK
          Clock: (R) clk
       Endpoint: (R) r_data_reg[1]/D
          Clock: (R) clk

                     Capture       Launch     
        Clock Edge:+   10000            0     
       Src Latency:+       0            0     
       Net Latency:+       0 (I)        0 (I) 
           Arrival:=   10000            0     
                                              
             Setup:-     123                  
       Uncertainty:-      10                  
     Required Time:=    9867                  
      Launch Clock:-       0                  
         Data Path:-     468                  
             Slack:=    9400                  

#-----------------------------------------------------------------------------------------
#  Timing Point    Flags   Arc   Edge   Cell     Fanout Load Trans Delay Arrival Instance 
#                                                       (fF)  (ps)  (ps)   (ps)  Location 
#-----------------------------------------------------------------------------------------
  r_data_reg[1]/CK -       -     R     (arrival)      4    -   100     0       0    (-,-) 
  r_data_reg[1]/Q  -       CK->Q R     DFFRHQX1       4  1.2    39   292     292    (-,-) 
  g389__8428/Y     -       A1->Y F     AOI22X1        1  0.3   102   100     392    (-,-) 
  g388__5107/Y     -       C0->Y R     OAI211X1       1  0.3    86    76     468    (-,-) 
  r_data_reg[1]/D  <<<     -     R     DFFRHQX1       1    -     -     0     468    (-,-) 
#-----------------------------------------------------------------------------------------

