============================================================
  Generated by:           Genus(TM) Synthesis Solution 22.17-s071_1
  Generated on:           Jul 08 2026  04:58:40 am
  Module:                 simple_register
  Operating conditions:   PVT_0P9V_125C (balanced_tree)
  Wireload mode:          enclosed
  Area mode:              timing library
============================================================

Timing
--------

Clock  Period 
--------------
clk   10000.0 


  Cost    Critical         Violating 
 Group   Path Slack  TNS     Paths   
-------------------------------------
clk          9533.1   0.0          0 
default    No paths   0.0            
-------------------------------------
Total                 0.0          0 

Instance Count
--------------
Leaf Instance Count             32 
Physical Instance count          0 
Sequential Instance Count       32 
Combinational Instance Count     0 
Hierarchical Instance Count      0 

Area
----
Cell Area                          262.656
Physical Cell Area                 0.000
Total Cell Area (Cell+Physical)    262.656
Net Area                           0.000
Total Area (Cell+Physical+Net)     262.656

Max Fanout                         32 (clk)
Min Fanout                         0 (rst_n)
Average Fanout                     2.4
Terms to net ratio                 2.8657
Terms to instance ratio            6.0000
Runtime                            18.230984 seconds
Elapsed Runtime                    20 seconds
Genus peak memory usage            1774.54 
Innovus peak memory usage          no_value 
Hostname                           localhost
