============================================================
  Generated by:           Genus(TM) Synthesis Solution 22.17-s071_1
  Generated on:           Jul 08 2026  04:58:40 am
  Module:                 simple_register
  Operating conditions:   PVT_0P9V_125C (balanced_tree)
  Wireload mode:          enclosed
  Area mode:              timing library
============================================================


Path 1: MET (9533 ps) Setup Check with Pin r_reg32_reg[21]/CK->D
          Group: clk
     Startpoint: (R) r_reg32_reg[21]/CK
          Clock: (R) clk
       Endpoint: (R) r_reg32_reg[21]/D
          Clock: (R) clk

                     Capture       Launch     
        Clock Edge:+   10000            0     
       Src Latency:+       0            0     
       Net Latency:+       0 (I)        0 (I) 
           Arrival:=   10000            0     
                                              
             Setup:-     174                  
       Uncertainty:-      10                  
     Required Time:=    9816                  
      Launch Clock:-       0                  
         Data Path:-     283                  
             Slack:=    9533                  

#-------------------------------------------------------------------------------------------
#   Timing Point     Flags   Arc   Edge   Cell     Fanout Load Trans Delay Arrival Instance 
#                                                         (fF)  (ps)  (ps)   (ps)  Location 
#-------------------------------------------------------------------------------------------
  r_reg32_reg[21]/CK -       -     R     (arrival)     32    -   100     0       0    (-,-) 
  r_reg32_reg[21]/Q  -       CK->Q R     SDFFRHQX1      2  0.4    22   283     283    (-,-) 
  r_reg32_reg[21]/D  <<<     -     R     SDFFRHQX1      2    -     -     0     283    (-,-) 
#-------------------------------------------------------------------------------------------

