============================================================
  Generated by:           Genus(TM) Synthesis Solution 22.17-s071_1
  Generated on:           Jul 08 2026  04:57:11 am
  Module:                 shift_register_sipo
  Operating conditions:   PVT_0P9V_125C (balanced_tree)
  Wireload mode:          enclosed
  Area mode:              timing library
============================================================

Timing
--------

Clock  Period 
--------------
clk   10000.0 


  Cost    Critical         Violating 
 Group   Path Slack  TNS     Paths   
-------------------------------------
clk          9617.2   0.0          0 
default    No paths   0.0            
-------------------------------------
Total                 0.0          0 

Instance Count
--------------
Leaf Instance Count             8 
Physical Instance count         0 
Sequential Instance Count       8 
Combinational Instance Count    0 
Hierarchical Instance Count     0 

Area
----
Cell Area                          49.248
Physical Cell Area                 0.000
Total Cell Area (Cell+Physical)    49.248
Net Area                           0.000
Total Area (Cell+Physical+Net)     49.248

Max Fanout                         8 (clk)
Min Fanout                         0 (rst_n)
Average Fanout                     2.2
Terms to net ratio                 2.9091
Terms to instance ratio            4.0000
Runtime                            18.988526 seconds
Elapsed Runtime                    20 seconds
Genus peak memory usage            1773.86 
Innovus peak memory usage          no_value 
Hostname                           localhost
