============================================================
  Generated by:           Genus(TM) Synthesis Solution 22.17-s071_1
  Generated on:           Jul 08 2026  04:57:11 am
  Module:                 shift_register_sipo
  Operating conditions:   PVT_0P9V_125C (balanced_tree)
  Wireload mode:          enclosed
  Area mode:              timing library
============================================================


Path 1: MET (9617 ps) Setup Check with Pin r_shift_reg[1]/CK->D
          Group: clk
     Startpoint: (R) r_shift_reg[0]/CK
          Clock: (R) clk
       Endpoint: (R) r_shift_reg[1]/D
          Clock: (R) clk

                     Capture       Launch     
        Clock Edge:+   10000            0     
       Src Latency:+       0            0     
       Net Latency:+       0 (I)        0 (I) 
           Arrival:=   10000            0     
                                              
             Setup:-      91                  
       Uncertainty:-      10                  
     Required Time:=    9899                  
      Launch Clock:-       0                  
         Data Path:-     282                  
             Slack:=    9617                  

#------------------------------------------------------------------------------------------
#   Timing Point    Flags   Arc   Edge   Cell     Fanout Load Trans Delay Arrival Instance 
#                                                        (fF)  (ps)  (ps)   (ps)  Location 
#------------------------------------------------------------------------------------------
  r_shift_reg[0]/CK -       -     R     (arrival)      8    -   100     0       0    (-,-) 
  r_shift_reg[0]/Q  -       CK->Q R     DFFRHQX1       2  0.3    20   282     282    (-,-) 
  r_shift_reg[1]/D  <<<     -     R     DFFRHQX1       2    -     -     0     282    (-,-) 
#------------------------------------------------------------------------------------------

