============================================================
  Generated by:           Genus(TM) Synthesis Solution 22.17-s071_1
  Generated on:           Jul 08 2026  03:29:35 am
  Module:                 interrupt_controller
  Operating conditions:   PVT_0P9V_125C (balanced_tree)
  Wireload mode:          enclosed
  Area mode:              timing library
============================================================

Timing
-------
  Cost    Critical         Violating 
 Group   Path Slack  TNS     Paths   
-------------------------------------
default    No paths   0.0            
-------------------------------------
Total                 0.0          0 

Instance Count
--------------
Leaf Instance Count             12 
Physical Instance count          0 
Sequential Instance Count        0 
Combinational Instance Count    12 
Hierarchical Instance Count      0 

Area
----
Cell Area                          19.836
Physical Cell Area                 0.000
Total Cell Area (Cell+Physical)    19.836
Net Area                           0.000
Total Area (Cell+Physical+Net)     19.836

Max Fanout                         4 (i_int_ack)
Min Fanout                         1 (n_0)
Average Fanout                     1.8
Terms to net ratio                 2.1429
Terms to instance ratio            3.7500
Runtime                            28.937281 seconds
Elapsed Runtime                    321 seconds
Genus peak memory usage            1805.48 
Innovus peak memory usage          no_value 
Hostname                           localhost
